[2025-12-30 10:27:41] ERREUR BDD (Connexion à la base de données): SQLSTATE[HY000] [1049] Unknown database 'standbymall_dev'
SQL: N/A
Params: []
Trace: #0 /home/kameni-arthur/Desktop/My-framework/StandByMall/ecommerce/core/Database.php(79): PDO->__construct()
#1 /home/kameni-arthur/Desktop/My-framework/StandByMall/ecommerce/core/Database.php(54): Database->connect()
#2 /home/kameni-arthur/Desktop/My-framework/StandByMall/ecommerce/core/Database.php(97): Database->__construct()
#3 /home/kameni-arthur/Desktop/My-framework/StandByMall/ecommerce/database/migrate.php(13): Database::getInstance()
#4 {main}

[2025-12-30 10:35:05] ERREUR BDD (Connexion à la base de données): SQLSTATE[HY000] [1049] Unknown database 'standbymall_dev'
SQL: N/A
Params: []
Trace: #0 /home/kameni-arthur/Desktop/My-framework/StandByMall/ecommerce/core/Database.php(79): PDO->__construct()
#1 /home/kameni-arthur/Desktop/My-framework/StandByMall/ecommerce/core/Database.php(54): Database->connect()
#2 /home/kameni-arthur/Desktop/My-framework/StandByMall/ecommerce/core/Database.php(97): Database->__construct()
#3 /home/kameni-arthur/Desktop/My-framework/StandByMall/ecommerce/database/migrate.php(13): Database::getInstance()
#4 {main}

[2025-12-30 10:38:17] ERREUR BDD (Exécution de requête): SQLSTATE[HY000]: General error: 1005 Can't create table `standbymall_dev`.`orders` (errno: 150 "Foreign key constraint is incorrectly formed")
SQL: CREATE TABLE IF NOT EXISTS `orders` (
    `id` INT PRIMARY KEY AUTO_INCREMENT,
    `user_id` INT,
    `order_number` VARCHAR(50) UNIQUE,
    `total_amount` DECIMAL(10,2) NOT NULL,
    `status` ENUM('pending', 'processing', 'shipped', 'delivered', 'cancelled') DEFAULT 'pending',
    `payment_status` ENUM('pending', 'paid', 'failed') DEFAULT 'pending',
    `shipping_address` TEXT,
    `billing_address` TEXT,
    `notes` TEXT,
    `created_at` TIMESTAMP DEFAULT CURRENT_TIMESTAMP,
    FOREIGN KEY (`user_id`) REFERENCES `users`(`id`) ON DELETE SET NULL
)
Params: []
Trace: #0 /home/kameni-arthur/Desktop/My-framework/StandByMall/ecommerce/core/Database.php(126): PDOStatement->execute()
#1 /home/kameni-arthur/Desktop/My-framework/StandByMall/ecommerce/database/migrate.php(47): Database->execute()
#2 {main}

[2025-12-30 10:38:17] ERREUR BDD (Exécution de requête): SQLSTATE[HY000]: General error: 1005 Can't create table `standbymall_dev`.`order_items` (errno: 150 "Foreign key constraint is incorrectly formed")
SQL: CREATE TABLE IF NOT EXISTS `order_items` (
    `id` INT PRIMARY KEY AUTO_INCREMENT,
    `order_id` INT NOT NULL,
    `product_id` INT NOT NULL,
    `quantity` INT NOT NULL,
    `price` DECIMAL(10,2) NOT NULL,
    `subtotal` DECIMAL(10,2) NOT NULL,
    FOREIGN KEY (`order_id`) REFERENCES `orders`(`id`) ON DELETE CASCADE,
    FOREIGN KEY (`product_id`) REFERENCES `products`(`id`) ON DELETE CASCADE
)
Params: []
Trace: #0 /home/kameni-arthur/Desktop/My-framework/StandByMall/ecommerce/core/Database.php(126): PDOStatement->execute()
#1 /home/kameni-arthur/Desktop/My-framework/StandByMall/ecommerce/database/migrate.php(47): Database->execute()
#2 {main}

[2025-12-30 10:38:17] ERREUR BDD (Exécution de requête): SQLSTATE[HY000]: General error: 1005 Can't create table `standbymall_dev`.`reviews` (errno: 150 "Foreign key constraint is incorrectly formed")
SQL: CREATE TABLE IF NOT EXISTS `reviews` (
    `id` INT PRIMARY KEY AUTO_INCREMENT,
    `user_id` INT NOT NULL,
    `product_id` INT NOT NULL,
    `rating` INT CHECK (rating >= 1 AND rating <= 5),
    `comment` TEXT,
    `is_approved` BOOLEAN DEFAULT 0,
    `created_at` TIMESTAMP DEFAULT CURRENT_TIMESTAMP,
    FOREIGN KEY (`user_id`) REFERENCES `users`(`id`) ON DELETE CASCADE,
    FOREIGN KEY (`product_id`) REFERENCES `products`(`id`) ON DELETE CASCADE
)
Params: []
Trace: #0 /home/kameni-arthur/Desktop/My-framework/StandByMall/ecommerce/core/Database.php(126): PDOStatement->execute()
#1 /home/kameni-arthur/Desktop/My-framework/StandByMall/ecommerce/database/migrate.php(47): Database->execute()
#2 {main}

[2025-12-30 10:38:17] ERREUR BDD (Exécution de requête): SQLSTATE[HY000]: General error: 1005 Can't create table `standbymall_dev`.`payments` (errno: 150 "Foreign key constraint is incorrectly formed")
SQL: CREATE TABLE IF NOT EXISTS `payments` (
    `id` INT PRIMARY KEY AUTO_INCREMENT,
    `order_id` INT NOT NULL,
    `payment_method` VARCHAR(50),
    `amount` DECIMAL(10,2) NOT NULL,
    `transaction_id` VARCHAR(100),
    `status` ENUM('pending', 'completed', 'failed') DEFAULT 'pending',
    `created_at` TIMESTAMP DEFAULT CURRENT_TIMESTAMP,
    FOREIGN KEY (`order_id`) REFERENCES `orders`(`id`) ON DELETE CASCADE
)
Params: []
Trace: #0 /home/kameni-arthur/Desktop/My-framework/StandByMall/ecommerce/core/Database.php(126): PDOStatement->execute()
#1 /home/kameni-arthur/Desktop/My-framework/StandByMall/ecommerce/database/migrate.php(47): Database->execute()
#2 {main}

[2025-12-30 21:47:12] ERREUR BDD (Exécution de requête): SQLSTATE[23000]: Integrity constraint violation: 1452 Cannot add or update a child row: a foreign key constraint fails (`standbymall_dev`.`products`, CONSTRAINT `1` FOREIGN KEY (`category_id`) REFERENCES `categories` (`id`))
SQL: INSERT INTO `products` (`category_id`, `name`, `slug`, `description`, `price`, `sale_price`, `sku`, `stock_quantity`, `main_image`, `is_active`, `is_featured`, `created_at`, `updated_at`) VALUES (:category_id, :name, :slug, :description, :price, :sale_price, :sku, :stock_quantity, :main_image, :is_active, :is_featured, :created_at, :updated_at)
Params: {"category_id":1,"name":"iPhone 15 Pro Max - TEST","slug":"iphone-15-pro-max-test","description":"Smartphone Apple de test pour le CRUD","price":1299.99,"sale_price":1199.99,"sku":"TEST-IPHONE-001","stock_quantity":50,"main_image":"test-iphone.jpg","is_active":1,"is_featured":1,"created_at":"2025-12-30 21:47:12","updated_at":"2025-12-30 21:47:12"}
Trace: #0 /home/kameni-arthur/Desktop/My-framework/StandByMall/ecommerce/core/Database.php(126): PDOStatement->execute()
#1 /home/kameni-arthur/Desktop/My-framework/StandByMall/ecommerce/core/Model.php(805): Database->execute()
#2 /home/kameni-arthur/Desktop/My-framework/StandByMall/ecommerce/core/Model.php(402): Model->createModel()
#3 /home/kameni-arthur/Desktop/My-framework/StandByMall/ecommerce/core/Model.php(416): Model->save()
#4 /home/kameni-arthur/Desktop/My-framework/StandByMall/ecommerce/test_crud.php(51): Model->create()
#5 {main}

[2025-12-30 21:47:12] ERREUR BDD (Query SQL): SQLSTATE[42S22]: Column not found: 1054 Unknown column 'deleted_at' in 'WHERE'
SQL: SELECT * FROM `products` WHERE `deleted_at` IS NULL
Params: []
Trace: #0 /home/kameni-arthur/Desktop/My-framework/StandByMall/ecommerce/core/Database.php(145): PDO->prepare()
#1 /home/kameni-arthur/Desktop/My-framework/StandByMall/ecommerce/core/Database.php(165): Database->query()
#2 /home/kameni-arthur/Desktop/My-framework/StandByMall/ecommerce/core/Model.php(291): Database->fetchAll()
#3 /home/kameni-arthur/Desktop/My-framework/StandByMall/ecommerce/test_crud.php(70): Model->all()
#4 {main}

[2025-12-30 21:47:12] ERREUR BDD (Fetch All): SQLSTATE[42S22]: Column not found: 1054 Unknown column 'deleted_at' in 'WHERE'
SQL: SELECT * FROM `products` WHERE `deleted_at` IS NULL
Params: []
Trace: #0 /home/kameni-arthur/Desktop/My-framework/StandByMall/ecommerce/core/Database.php(145): PDO->prepare()
#1 /home/kameni-arthur/Desktop/My-framework/StandByMall/ecommerce/core/Database.php(165): Database->query()
#2 /home/kameni-arthur/Desktop/My-framework/StandByMall/ecommerce/core/Model.php(291): Database->fetchAll()
#3 /home/kameni-arthur/Desktop/My-framework/StandByMall/ecommerce/test_crud.php(70): Model->all()
#4 {main}

[2025-12-30 21:47:12] ERREUR BDD (Query SQL): SQLSTATE[42S22]: Column not found: 1054 Unknown column 'deleted_at' in 'WHERE'
SQL: SELECT * FROM `products` WHERE `id` = :id AND `deleted_at` IS NULL
Params: {":id":null}
Trace: #0 /home/kameni-arthur/Desktop/My-framework/StandByMall/ecommerce/core/Database.php(145): PDO->prepare()
#1 /home/kameni-arthur/Desktop/My-framework/StandByMall/ecommerce/core/Database.php(184): Database->query()
#2 /home/kameni-arthur/Desktop/My-framework/StandByMall/ecommerce/core/Model.php(305): Database->fetch()
#3 /home/kameni-arthur/Desktop/My-framework/StandByMall/ecommerce/test_crud.php(75): Model->find()
#4 {main}

[2025-12-30 21:47:12] ERREUR BDD (Fetch Single): SQLSTATE[42S22]: Column not found: 1054 Unknown column 'deleted_at' in 'WHERE'
SQL: SELECT * FROM `products` WHERE `id` = :id AND `deleted_at` IS NULL
Params: {":id":null}
Trace: #0 /home/kameni-arthur/Desktop/My-framework/StandByMall/ecommerce/core/Database.php(145): PDO->prepare()
#1 /home/kameni-arthur/Desktop/My-framework/StandByMall/ecommerce/core/Database.php(184): Database->query()
#2 /home/kameni-arthur/Desktop/My-framework/StandByMall/ecommerce/core/Model.php(305): Database->fetch()
#3 /home/kameni-arthur/Desktop/My-framework/StandByMall/ecommerce/test_crud.php(75): Model->find()
#4 {main}

[2025-12-30 21:47:12] ERREUR BDD (Query SQL): SQLSTATE[42S22]: Column not found: 1054 Unknown column 'deleted_at' in 'WHERE'
SQL: SELECT * FROM `products` WHERE `deleted_at` IS NULL AND `sku` = :where_0 LIMIT 1
Params: {":where_0":"TEST-IPHONE-001"}
Trace: #0 /home/kameni-arthur/Desktop/My-framework/StandByMall/ecommerce/core/Database.php(145): PDO->prepare()
#1 /home/kameni-arthur/Desktop/My-framework/StandByMall/ecommerce/core/Database.php(165): Database->query()
#2 /home/kameni-arthur/Desktop/My-framework/StandByMall/ecommerce/core/Model.php(623): Database->fetchAll()
#3 /home/kameni-arthur/Desktop/My-framework/StandByMall/ecommerce/core/Model.php(342): Model->get()
#4 /home/kameni-arthur/Desktop/My-framework/StandByMall/ecommerce/core/Model.php(356): Model->first()
#5 /home/kameni-arthur/Desktop/My-framework/StandByMall/ecommerce/test_crud.php(90): Model->findBy()
#6 {main}

[2025-12-30 21:47:12] ERREUR BDD (Fetch All): SQLSTATE[42S22]: Column not found: 1054 Unknown column 'deleted_at' in 'WHERE'
SQL: SELECT * FROM `products` WHERE `deleted_at` IS NULL AND `sku` = :where_0 LIMIT 1
Params: {":where_0":"TEST-IPHONE-001"}
Trace: #0 /home/kameni-arthur/Desktop/My-framework/StandByMall/ecommerce/core/Database.php(145): PDO->prepare()
#1 /home/kameni-arthur/Desktop/My-framework/StandByMall/ecommerce/core/Database.php(165): Database->query()
#2 /home/kameni-arthur/Desktop/My-framework/StandByMall/ecommerce/core/Model.php(623): Database->fetchAll()
#3 /home/kameni-arthur/Desktop/My-framework/StandByMall/ecommerce/core/Model.php(342): Model->get()
#4 /home/kameni-arthur/Desktop/My-framework/StandByMall/ecommerce/core/Model.php(356): Model->first()
#5 /home/kameni-arthur/Desktop/My-framework/StandByMall/ecommerce/test_crud.php(90): Model->findBy()
#6 {main}

[2025-12-30 21:47:12] ERREUR BDD (Query SQL): SQLSTATE[42S22]: Column not found: 1054 Unknown column 'deleted_at' in 'WHERE'
SQL: SELECT * FROM `products` WHERE `deleted_at` IS NULL AND `is_active` = :where_0 AND `is_featured` = :where_1 ORDER BY `price` ASC
Params: {":where_0":1,":where_1":1}
Trace: #0 /home/kameni-arthur/Desktop/My-framework/StandByMall/ecommerce/core/Database.php(145): PDO->prepare()
#1 /home/kameni-arthur/Desktop/My-framework/StandByMall/ecommerce/core/Database.php(165): Database->query()
#2 /home/kameni-arthur/Desktop/My-framework/StandByMall/ecommerce/core/Model.php(623): Database->fetchAll()
#3 /home/kameni-arthur/Desktop/My-framework/StandByMall/ecommerce/test_crud.php(101): Model->get()
#4 {main}

[2025-12-30 21:47:12] ERREUR BDD (Fetch All): SQLSTATE[42S22]: Column not found: 1054 Unknown column 'deleted_at' in 'WHERE'
SQL: SELECT * FROM `products` WHERE `deleted_at` IS NULL AND `is_active` = :where_0 AND `is_featured` = :where_1 ORDER BY `price` ASC
Params: {":where_0":1,":where_1":1}
Trace: #0 /home/kameni-arthur/Desktop/My-framework/StandByMall/ecommerce/core/Database.php(145): PDO->prepare()
#1 /home/kameni-arthur/Desktop/My-framework/StandByMall/ecommerce/core/Database.php(165): Database->query()
#2 /home/kameni-arthur/Desktop/My-framework/StandByMall/ecommerce/core/Model.php(623): Database->fetchAll()
#3 /home/kameni-arthur/Desktop/My-framework/StandByMall/ecommerce/test_crud.php(101): Model->get()
#4 {main}

[2025-12-30 21:47:12] ERREUR BDD (Query SQL): SQLSTATE[42S22]: Column not found: 1054 Unknown column 'deleted_at' in 'WHERE'
SQL: SELECT COUNT(*) as count FROM `products` WHERE `deleted_at` IS NULL AND `stock_quantity` > :where_0
Params: {":where_0":0}
Trace: #0 /home/kameni-arthur/Desktop/My-framework/StandByMall/ecommerce/core/Database.php(145): PDO->prepare()
#1 /home/kameni-arthur/Desktop/My-framework/StandByMall/ecommerce/core/Database.php(204): Database->query()
#2 /home/kameni-arthur/Desktop/My-framework/StandByMall/ecommerce/core/Model.php(639): Database->fetchColumn()
#3 /home/kameni-arthur/Desktop/My-framework/StandByMall/ecommerce/test_crud.php(106): Model->count()
#4 {main}

[2025-12-30 21:47:12] ERREUR BDD (Fetch Column): SQLSTATE[42S22]: Column not found: 1054 Unknown column 'deleted_at' in 'WHERE'
SQL: SELECT COUNT(*) as count FROM `products` WHERE `deleted_at` IS NULL AND `stock_quantity` > :where_0
Params: {":where_0":0}
Trace: #0 /home/kameni-arthur/Desktop/My-framework/StandByMall/ecommerce/core/Database.php(145): PDO->prepare()
#1 /home/kameni-arthur/Desktop/My-framework/StandByMall/ecommerce/core/Database.php(204): Database->query()
#2 /home/kameni-arthur/Desktop/My-framework/StandByMall/ecommerce/core/Model.php(639): Database->fetchColumn()
#3 /home/kameni-arthur/Desktop/My-framework/StandByMall/ecommerce/test_crud.php(106): Model->count()
#4 {main}

[2025-12-30 21:47:12] ERREUR BDD (Query SQL): SQLSTATE[42S22]: Column not found: 1054 Unknown column 'deleted_at' in 'WHERE'
SQL: SELECT COUNT(*) as count FROM `products` WHERE `deleted_at` IS NULL AND `stock_quantity` > :where_0
Params: {":where_0":0}
Trace: #0 /home/kameni-arthur/Desktop/My-framework/StandByMall/ecommerce/core/Database.php(145): PDO->prepare()
#1 /home/kameni-arthur/Desktop/My-framework/StandByMall/ecommerce/core/Database.php(204): Database->query()
#2 /home/kameni-arthur/Desktop/My-framework/StandByMall/ecommerce/core/Model.php(639): Database->fetchColumn()
#3 /home/kameni-arthur/Desktop/My-framework/StandByMall/ecommerce/core/Model.php(654): Model->count()
#4 /home/kameni-arthur/Desktop/My-framework/StandByMall/ecommerce/test_crud.php(113): Model->paginate()
#5 {main}

[2025-12-30 21:47:12] ERREUR BDD (Fetch Column): SQLSTATE[42S22]: Column not found: 1054 Unknown column 'deleted_at' in 'WHERE'
SQL: SELECT COUNT(*) as count FROM `products` WHERE `deleted_at` IS NULL AND `stock_quantity` > :where_0
Params: {":where_0":0}
Trace: #0 /home/kameni-arthur/Desktop/My-framework/StandByMall/ecommerce/core/Database.php(145): PDO->prepare()
#1 /home/kameni-arthur/Desktop/My-framework/StandByMall/ecommerce/core/Database.php(204): Database->query()
#2 /home/kameni-arthur/Desktop/My-framework/StandByMall/ecommerce/core/Model.php(639): Database->fetchColumn()
#3 /home/kameni-arthur/Desktop/My-framework/StandByMall/ecommerce/core/Model.php(654): Model->count()
#4 /home/kameni-arthur/Desktop/My-framework/StandByMall/ecommerce/test_crud.php(113): Model->paginate()
#5 {main}

[2025-12-30 21:47:12] ERREUR BDD (Query SQL): SQLSTATE[42S22]: Column not found: 1054 Unknown column 'deleted_at' in 'WHERE'
SQL: SELECT * FROM `products` WHERE `deleted_at` IS NULL AND `stock_quantity` > :where_0 LIMIT 2
Params: {":where_0":0}
Trace: #0 /home/kameni-arthur/Desktop/My-framework/StandByMall/ecommerce/core/Database.php(145): PDO->prepare()
#1 /home/kameni-arthur/Desktop/My-framework/StandByMall/ecommerce/core/Database.php(165): Database->query()
#2 /home/kameni-arthur/Desktop/My-framework/StandByMall/ecommerce/core/Model.php(623): Database->fetchAll()
#3 /home/kameni-arthur/Desktop/My-framework/StandByMall/ecommerce/core/Model.php(657): Model->get()
#4 /home/kameni-arthur/Desktop/My-framework/StandByMall/ecommerce/test_crud.php(113): Model->paginate()
#5 {main}

[2025-12-30 21:47:12] ERREUR BDD (Fetch All): SQLSTATE[42S22]: Column not found: 1054 Unknown column 'deleted_at' in 'WHERE'
SQL: SELECT * FROM `products` WHERE `deleted_at` IS NULL AND `stock_quantity` > :where_0 LIMIT 2
Params: {":where_0":0}
Trace: #0 /home/kameni-arthur/Desktop/My-framework/StandByMall/ecommerce/core/Database.php(145): PDO->prepare()
#1 /home/kameni-arthur/Desktop/My-framework/StandByMall/ecommerce/core/Database.php(165): Database->query()
#2 /home/kameni-arthur/Desktop/My-framework/StandByMall/ecommerce/core/Model.php(623): Database->fetchAll()
#3 /home/kameni-arthur/Desktop/My-framework/StandByMall/ecommerce/core/Model.php(657): Model->get()
#4 /home/kameni-arthur/Desktop/My-framework/StandByMall/ecommerce/test_crud.php(113): Model->paginate()
#5 {main}

[2025-12-30 21:47:16] ERREUR BDD (Exécution de requête): SQLSTATE[23000]: Integrity constraint violation: 1452 Cannot add or update a child row: a foreign key constraint fails (`standbymall_dev`.`products`, CONSTRAINT `1` FOREIGN KEY (`category_id`) REFERENCES `categories` (`id`))
SQL: INSERT INTO `products` (`category_id`, `name`, `slug`, `description`, `price`, `sale_price`, `sku`, `stock_quantity`, `main_image`, `is_active`, `is_featured`, `created_at`, `updated_at`) VALUES (:category_id, :name, :slug, :description, :price, :sale_price, :sku, :stock_quantity, :main_image, :is_active, :is_featured, :created_at, :updated_at)
Params: {"category_id":1,"name":"iPhone 15 Pro Max - TEST","slug":"iphone-15-pro-max-test","description":"Smartphone Apple de test pour le CRUD","price":1299.99,"sale_price":1199.99,"sku":"TEST-IPHONE-001","stock_quantity":50,"main_image":"test-iphone.jpg","is_active":1,"is_featured":1,"created_at":"2025-12-30 21:47:16","updated_at":"2025-12-30 21:47:16"}
Trace: #0 /home/kameni-arthur/Desktop/My-framework/StandByMall/ecommerce/core/Database.php(126): PDOStatement->execute()
#1 /home/kameni-arthur/Desktop/My-framework/StandByMall/ecommerce/core/Model.php(805): Database->execute()
#2 /home/kameni-arthur/Desktop/My-framework/StandByMall/ecommerce/core/Model.php(402): Model->createModel()
#3 /home/kameni-arthur/Desktop/My-framework/StandByMall/ecommerce/core/Model.php(416): Model->save()
#4 /home/kameni-arthur/Desktop/My-framework/StandByMall/ecommerce/test_crud.php(51): Model->create()
#5 {main}

[2025-12-30 21:47:16] ERREUR BDD (Query SQL): SQLSTATE[42S22]: Column not found: 1054 Unknown column 'deleted_at' in 'WHERE'
SQL: SELECT * FROM `products` WHERE `deleted_at` IS NULL
Params: []
Trace: #0 /home/kameni-arthur/Desktop/My-framework/StandByMall/ecommerce/core/Database.php(145): PDO->prepare()
#1 /home/kameni-arthur/Desktop/My-framework/StandByMall/ecommerce/core/Database.php(165): Database->query()
#2 /home/kameni-arthur/Desktop/My-framework/StandByMall/ecommerce/core/Model.php(291): Database->fetchAll()
#3 /home/kameni-arthur/Desktop/My-framework/StandByMall/ecommerce/test_crud.php(70): Model->all()
#4 {main}

[2025-12-30 21:47:16] ERREUR BDD (Fetch All): SQLSTATE[42S22]: Column not found: 1054 Unknown column 'deleted_at' in 'WHERE'
SQL: SELECT * FROM `products` WHERE `deleted_at` IS NULL
Params: []
Trace: #0 /home/kameni-arthur/Desktop/My-framework/StandByMall/ecommerce/core/Database.php(145): PDO->prepare()
#1 /home/kameni-arthur/Desktop/My-framework/StandByMall/ecommerce/core/Database.php(165): Database->query()
#2 /home/kameni-arthur/Desktop/My-framework/StandByMall/ecommerce/core/Model.php(291): Database->fetchAll()
#3 /home/kameni-arthur/Desktop/My-framework/StandByMall/ecommerce/test_crud.php(70): Model->all()
#4 {main}

[2025-12-30 21:47:16] ERREUR BDD (Query SQL): SQLSTATE[42S22]: Column not found: 1054 Unknown column 'deleted_at' in 'WHERE'
SQL: SELECT * FROM `products` WHERE `id` = :id AND `deleted_at` IS NULL
Params: {":id":null}
Trace: #0 /home/kameni-arthur/Desktop/My-framework/StandByMall/ecommerce/core/Database.php(145): PDO->prepare()
#1 /home/kameni-arthur/Desktop/My-framework/StandByMall/ecommerce/core/Database.php(184): Database->query()
#2 /home/kameni-arthur/Desktop/My-framework/StandByMall/ecommerce/core/Model.php(305): Database->fetch()
#3 /home/kameni-arthur/Desktop/My-framework/StandByMall/ecommerce/test_crud.php(75): Model->find()
#4 {main}

[2025-12-30 21:47:16] ERREUR BDD (Fetch Single): SQLSTATE[42S22]: Column not found: 1054 Unknown column 'deleted_at' in 'WHERE'
SQL: SELECT * FROM `products` WHERE `id` = :id AND `deleted_at` IS NULL
Params: {":id":null}
Trace: #0 /home/kameni-arthur/Desktop/My-framework/StandByMall/ecommerce/core/Database.php(145): PDO->prepare()
#1 /home/kameni-arthur/Desktop/My-framework/StandByMall/ecommerce/core/Database.php(184): Database->query()
#2 /home/kameni-arthur/Desktop/My-framework/StandByMall/ecommerce/core/Model.php(305): Database->fetch()
#3 /home/kameni-arthur/Desktop/My-framework/StandByMall/ecommerce/test_crud.php(75): Model->find()
#4 {main}

[2025-12-30 21:47:16] ERREUR BDD (Query SQL): SQLSTATE[42S22]: Column not found: 1054 Unknown column 'deleted_at' in 'WHERE'
SQL: SELECT * FROM `products` WHERE `deleted_at` IS NULL AND `sku` = :where_0 LIMIT 1
Params: {":where_0":"TEST-IPHONE-001"}
Trace: #0 /home/kameni-arthur/Desktop/My-framework/StandByMall/ecommerce/core/Database.php(145): PDO->prepare()
#1 /home/kameni-arthur/Desktop/My-framework/StandByMall/ecommerce/core/Database.php(165): Database->query()
#2 /home/kameni-arthur/Desktop/My-framework/StandByMall/ecommerce/core/Model.php(623): Database->fetchAll()
#3 /home/kameni-arthur/Desktop/My-framework/StandByMall/ecommerce/core/Model.php(342): Model->get()
#4 /home/kameni-arthur/Desktop/My-framework/StandByMall/ecommerce/core/Model.php(356): Model->first()
#5 /home/kameni-arthur/Desktop/My-framework/StandByMall/ecommerce/test_crud.php(90): Model->findBy()
#6 {main}

[2025-12-30 21:47:16] ERREUR BDD (Fetch All): SQLSTATE[42S22]: Column not found: 1054 Unknown column 'deleted_at' in 'WHERE'
SQL: SELECT * FROM `products` WHERE `deleted_at` IS NULL AND `sku` = :where_0 LIMIT 1
Params: {":where_0":"TEST-IPHONE-001"}
Trace: #0 /home/kameni-arthur/Desktop/My-framework/StandByMall/ecommerce/core/Database.php(145): PDO->prepare()
#1 /home/kameni-arthur/Desktop/My-framework/StandByMall/ecommerce/core/Database.php(165): Database->query()
#2 /home/kameni-arthur/Desktop/My-framework/StandByMall/ecommerce/core/Model.php(623): Database->fetchAll()
#3 /home/kameni-arthur/Desktop/My-framework/StandByMall/ecommerce/core/Model.php(342): Model->get()
#4 /home/kameni-arthur/Desktop/My-framework/StandByMall/ecommerce/core/Model.php(356): Model->first()
#5 /home/kameni-arthur/Desktop/My-framework/StandByMall/ecommerce/test_crud.php(90): Model->findBy()
#6 {main}

[2025-12-30 21:47:16] ERREUR BDD (Query SQL): SQLSTATE[42S22]: Column not found: 1054 Unknown column 'deleted_at' in 'WHERE'
SQL: SELECT * FROM `products` WHERE `deleted_at` IS NULL AND `is_active` = :where_0 AND `is_featured` = :where_1 ORDER BY `price` ASC
Params: {":where_0":1,":where_1":1}
Trace: #0 /home/kameni-arthur/Desktop/My-framework/StandByMall/ecommerce/core/Database.php(145): PDO->prepare()
#1 /home/kameni-arthur/Desktop/My-framework/StandByMall/ecommerce/core/Database.php(165): Database->query()
#2 /home/kameni-arthur/Desktop/My-framework/StandByMall/ecommerce/core/Model.php(623): Database->fetchAll()
#3 /home/kameni-arthur/Desktop/My-framework/StandByMall/ecommerce/test_crud.php(101): Model->get()
#4 {main}

[2025-12-30 21:47:16] ERREUR BDD (Fetch All): SQLSTATE[42S22]: Column not found: 1054 Unknown column 'deleted_at' in 'WHERE'
SQL: SELECT * FROM `products` WHERE `deleted_at` IS NULL AND `is_active` = :where_0 AND `is_featured` = :where_1 ORDER BY `price` ASC
Params: {":where_0":1,":where_1":1}
Trace: #0 /home/kameni-arthur/Desktop/My-framework/StandByMall/ecommerce/core/Database.php(145): PDO->prepare()
#1 /home/kameni-arthur/Desktop/My-framework/StandByMall/ecommerce/core/Database.php(165): Database->query()
#2 /home/kameni-arthur/Desktop/My-framework/StandByMall/ecommerce/core/Model.php(623): Database->fetchAll()
#3 /home/kameni-arthur/Desktop/My-framework/StandByMall/ecommerce/test_crud.php(101): Model->get()
#4 {main}

[2025-12-30 21:47:16] ERREUR BDD (Query SQL): SQLSTATE[42S22]: Column not found: 1054 Unknown column 'deleted_at' in 'WHERE'
SQL: SELECT COUNT(*) as count FROM `products` WHERE `deleted_at` IS NULL AND `stock_quantity` > :where_0
Params: {":where_0":0}
Trace: #0 /home/kameni-arthur/Desktop/My-framework/StandByMall/ecommerce/core/Database.php(145): PDO->prepare()
#1 /home/kameni-arthur/Desktop/My-framework/StandByMall/ecommerce/core/Database.php(204): Database->query()
#2 /home/kameni-arthur/Desktop/My-framework/StandByMall/ecommerce/core/Model.php(639): Database->fetchColumn()
#3 /home/kameni-arthur/Desktop/My-framework/StandByMall/ecommerce/test_crud.php(106): Model->count()
#4 {main}

[2025-12-30 21:47:16] ERREUR BDD (Fetch Column): SQLSTATE[42S22]: Column not found: 1054 Unknown column 'deleted_at' in 'WHERE'
SQL: SELECT COUNT(*) as count FROM `products` WHERE `deleted_at` IS NULL AND `stock_quantity` > :where_0
Params: {":where_0":0}
Trace: #0 /home/kameni-arthur/Desktop/My-framework/StandByMall/ecommerce/core/Database.php(145): PDO->prepare()
#1 /home/kameni-arthur/Desktop/My-framework/StandByMall/ecommerce/core/Database.php(204): Database->query()
#2 /home/kameni-arthur/Desktop/My-framework/StandByMall/ecommerce/core/Model.php(639): Database->fetchColumn()
#3 /home/kameni-arthur/Desktop/My-framework/StandByMall/ecommerce/test_crud.php(106): Model->count()
#4 {main}

[2025-12-30 21:47:16] ERREUR BDD (Query SQL): SQLSTATE[42S22]: Column not found: 1054 Unknown column 'deleted_at' in 'WHERE'
SQL: SELECT COUNT(*) as count FROM `products` WHERE `deleted_at` IS NULL AND `stock_quantity` > :where_0
Params: {":where_0":0}
Trace: #0 /home/kameni-arthur/Desktop/My-framework/StandByMall/ecommerce/core/Database.php(145): PDO->prepare()
#1 /home/kameni-arthur/Desktop/My-framework/StandByMall/ecommerce/core/Database.php(204): Database->query()
#2 /home/kameni-arthur/Desktop/My-framework/StandByMall/ecommerce/core/Model.php(639): Database->fetchColumn()
#3 /home/kameni-arthur/Desktop/My-framework/StandByMall/ecommerce/core/Model.php(654): Model->count()
#4 /home/kameni-arthur/Desktop/My-framework/StandByMall/ecommerce/test_crud.php(113): Model->paginate()
#5 {main}

[2025-12-30 21:47:16] ERREUR BDD (Fetch Column): SQLSTATE[42S22]: Column not found: 1054 Unknown column 'deleted_at' in 'WHERE'
SQL: SELECT COUNT(*) as count FROM `products` WHERE `deleted_at` IS NULL AND `stock_quantity` > :where_0
Params: {":where_0":0}
Trace: #0 /home/kameni-arthur/Desktop/My-framework/StandByMall/ecommerce/core/Database.php(145): PDO->prepare()
#1 /home/kameni-arthur/Desktop/My-framework/StandByMall/ecommerce/core/Database.php(204): Database->query()
#2 /home/kameni-arthur/Desktop/My-framework/StandByMall/ecommerce/core/Model.php(639): Database->fetchColumn()
#3 /home/kameni-arthur/Desktop/My-framework/StandByMall/ecommerce/core/Model.php(654): Model->count()
#4 /home/kameni-arthur/Desktop/My-framework/StandByMall/ecommerce/test_crud.php(113): Model->paginate()
#5 {main}

[2025-12-30 21:47:16] ERREUR BDD (Query SQL): SQLSTATE[42S22]: Column not found: 1054 Unknown column 'deleted_at' in 'WHERE'
SQL: SELECT * FROM `products` WHERE `deleted_at` IS NULL AND `stock_quantity` > :where_0 LIMIT 2
Params: {":where_0":0}
Trace: #0 /home/kameni-arthur/Desktop/My-framework/StandByMall/ecommerce/core/Database.php(145): PDO->prepare()
#1 /home/kameni-arthur/Desktop/My-framework/StandByMall/ecommerce/core/Database.php(165): Database->query()
#2 /home/kameni-arthur/Desktop/My-framework/StandByMall/ecommerce/core/Model.php(623): Database->fetchAll()
#3 /home/kameni-arthur/Desktop/My-framework/StandByMall/ecommerce/core/Model.php(657): Model->get()
#4 /home/kameni-arthur/Desktop/My-framework/StandByMall/ecommerce/test_crud.php(113): Model->paginate()
#5 {main}

[2025-12-30 21:47:16] ERREUR BDD (Fetch All): SQLSTATE[42S22]: Column not found: 1054 Unknown column 'deleted_at' in 'WHERE'
SQL: SELECT * FROM `products` WHERE `deleted_at` IS NULL AND `stock_quantity` > :where_0 LIMIT 2
Params: {":where_0":0}
Trace: #0 /home/kameni-arthur/Desktop/My-framework/StandByMall/ecommerce/core/Database.php(145): PDO->prepare()
#1 /home/kameni-arthur/Desktop/My-framework/StandByMall/ecommerce/core/Database.php(165): Database->query()
#2 /home/kameni-arthur/Desktop/My-framework/StandByMall/ecommerce/core/Model.php(623): Database->fetchAll()
#3 /home/kameni-arthur/Desktop/My-framework/StandByMall/ecommerce/core/Model.php(657): Model->get()
#4 /home/kameni-arthur/Desktop/My-framework/StandByMall/ecommerce/test_crud.php(113): Model->paginate()
#5 {main}

[2025-12-30 21:53:47] ERREUR BDD (Exécution de requête): SQLSTATE[23000]: Integrity constraint violation: 1452 Cannot add or update a child row: a foreign key constraint fails (`standbymall_dev`.`products`, CONSTRAINT `1` FOREIGN KEY (`category_id`) REFERENCES `categories` (`id`))
SQL: INSERT INTO `products` (`category_id`, `name`, `slug`, `description`, `price`, `sale_price`, `sku`, `stock_quantity`, `main_image`, `is_active`, `is_featured`, `created_at`, `updated_at`) VALUES (:category_id, :name, :slug, :description, :price, :sale_price, :sku, :stock_quantity, :main_image, :is_active, :is_featured, :created_at, :updated_at)
Params: {"category_id":1,"name":"iPhone 15 Pro Max - TEST","slug":"iphone-15-pro-max-test","description":"Smartphone Apple de test pour le CRUD","price":1299.99,"sale_price":1199.99,"sku":"TEST-IPHONE-001","stock_quantity":50,"main_image":"test-iphone.jpg","is_active":1,"is_featured":1,"created_at":"2025-12-30 21:53:47","updated_at":"2025-12-30 21:53:47"}
Trace: #0 /home/kameni-arthur/Desktop/My-framework/StandByMall/ecommerce/core/Database.php(126): PDOStatement->execute()
#1 /home/kameni-arthur/Desktop/My-framework/StandByMall/ecommerce/core/Model.php(805): Database->execute()
#2 /home/kameni-arthur/Desktop/My-framework/StandByMall/ecommerce/core/Model.php(402): Model->createModel()
#3 /home/kameni-arthur/Desktop/My-framework/StandByMall/ecommerce/core/Model.php(416): Model->save()
#4 /home/kameni-arthur/Desktop/My-framework/StandByMall/ecommerce/test_crud.php(67): Model->create()
#5 {main}

[2025-12-30 21:53:47] ERREUR BDD (Query SQL): SQLSTATE[42S22]: Column not found: 1054 Unknown column 'deleted_at' in 'WHERE'
SQL: SELECT * FROM `products` WHERE `deleted_at` IS NULL
Params: []
Trace: #0 /home/kameni-arthur/Desktop/My-framework/StandByMall/ecommerce/core/Database.php(145): PDO->prepare()
#1 /home/kameni-arthur/Desktop/My-framework/StandByMall/ecommerce/core/Database.php(165): Database->query()
#2 /home/kameni-arthur/Desktop/My-framework/StandByMall/ecommerce/core/Model.php(291): Database->fetchAll()
#3 /home/kameni-arthur/Desktop/My-framework/StandByMall/ecommerce/test_crud.php(86): Model->all()
#4 {main}

[2025-12-30 21:53:47] ERREUR BDD (Fetch All): SQLSTATE[42S22]: Column not found: 1054 Unknown column 'deleted_at' in 'WHERE'
SQL: SELECT * FROM `products` WHERE `deleted_at` IS NULL
Params: []
Trace: #0 /home/kameni-arthur/Desktop/My-framework/StandByMall/ecommerce/core/Database.php(145): PDO->prepare()
#1 /home/kameni-arthur/Desktop/My-framework/StandByMall/ecommerce/core/Database.php(165): Database->query()
#2 /home/kameni-arthur/Desktop/My-framework/StandByMall/ecommerce/core/Model.php(291): Database->fetchAll()
#3 /home/kameni-arthur/Desktop/My-framework/StandByMall/ecommerce/test_crud.php(86): Model->all()
#4 {main}

[2025-12-30 21:53:47] ERREUR BDD (Query SQL): SQLSTATE[42S22]: Column not found: 1054 Unknown column 'deleted_at' in 'WHERE'
SQL: SELECT * FROM `products` WHERE `id` = :id AND `deleted_at` IS NULL
Params: {":id":null}
Trace: #0 /home/kameni-arthur/Desktop/My-framework/StandByMall/ecommerce/core/Database.php(145): PDO->prepare()
#1 /home/kameni-arthur/Desktop/My-framework/StandByMall/ecommerce/core/Database.php(184): Database->query()
#2 /home/kameni-arthur/Desktop/My-framework/StandByMall/ecommerce/core/Model.php(305): Database->fetch()
#3 /home/kameni-arthur/Desktop/My-framework/StandByMall/ecommerce/test_crud.php(91): Model->find()
#4 {main}

[2025-12-30 21:53:47] ERREUR BDD (Fetch Single): SQLSTATE[42S22]: Column not found: 1054 Unknown column 'deleted_at' in 'WHERE'
SQL: SELECT * FROM `products` WHERE `id` = :id AND `deleted_at` IS NULL
Params: {":id":null}
Trace: #0 /home/kameni-arthur/Desktop/My-framework/StandByMall/ecommerce/core/Database.php(145): PDO->prepare()
#1 /home/kameni-arthur/Desktop/My-framework/StandByMall/ecommerce/core/Database.php(184): Database->query()
#2 /home/kameni-arthur/Desktop/My-framework/StandByMall/ecommerce/core/Model.php(305): Database->fetch()
#3 /home/kameni-arthur/Desktop/My-framework/StandByMall/ecommerce/test_crud.php(91): Model->find()
#4 {main}

[2025-12-30 21:53:47] ERREUR BDD (Query SQL): SQLSTATE[42S22]: Column not found: 1054 Unknown column 'deleted_at' in 'WHERE'
SQL: SELECT * FROM `products` WHERE `deleted_at` IS NULL AND `sku` = :where_0 LIMIT 1
Params: {":where_0":"TEST-IPHONE-001"}
Trace: #0 /home/kameni-arthur/Desktop/My-framework/StandByMall/ecommerce/core/Database.php(145): PDO->prepare()
#1 /home/kameni-arthur/Desktop/My-framework/StandByMall/ecommerce/core/Database.php(165): Database->query()
#2 /home/kameni-arthur/Desktop/My-framework/StandByMall/ecommerce/core/Model.php(623): Database->fetchAll()
#3 /home/kameni-arthur/Desktop/My-framework/StandByMall/ecommerce/core/Model.php(342): Model->get()
#4 /home/kameni-arthur/Desktop/My-framework/StandByMall/ecommerce/core/Model.php(356): Model->first()
#5 /home/kameni-arthur/Desktop/My-framework/StandByMall/ecommerce/test_crud.php(106): Model->findBy()
#6 {main}

[2025-12-30 21:53:47] ERREUR BDD (Fetch All): SQLSTATE[42S22]: Column not found: 1054 Unknown column 'deleted_at' in 'WHERE'
SQL: SELECT * FROM `products` WHERE `deleted_at` IS NULL AND `sku` = :where_0 LIMIT 1
Params: {":where_0":"TEST-IPHONE-001"}
Trace: #0 /home/kameni-arthur/Desktop/My-framework/StandByMall/ecommerce/core/Database.php(145): PDO->prepare()
#1 /home/kameni-arthur/Desktop/My-framework/StandByMall/ecommerce/core/Database.php(165): Database->query()
#2 /home/kameni-arthur/Desktop/My-framework/StandByMall/ecommerce/core/Model.php(623): Database->fetchAll()
#3 /home/kameni-arthur/Desktop/My-framework/StandByMall/ecommerce/core/Model.php(342): Model->get()
#4 /home/kameni-arthur/Desktop/My-framework/StandByMall/ecommerce/core/Model.php(356): Model->first()
#5 /home/kameni-arthur/Desktop/My-framework/StandByMall/ecommerce/test_crud.php(106): Model->findBy()
#6 {main}

[2025-12-30 21:53:47] ERREUR BDD (Query SQL): SQLSTATE[42S22]: Column not found: 1054 Unknown column 'deleted_at' in 'WHERE'
SQL: SELECT * FROM `products` WHERE `deleted_at` IS NULL AND `is_active` = :where_0 AND `is_featured` = :where_1 ORDER BY `price` ASC
Params: {":where_0":1,":where_1":1}
Trace: #0 /home/kameni-arthur/Desktop/My-framework/StandByMall/ecommerce/core/Database.php(145): PDO->prepare()
#1 /home/kameni-arthur/Desktop/My-framework/StandByMall/ecommerce/core/Database.php(165): Database->query()
#2 /home/kameni-arthur/Desktop/My-framework/StandByMall/ecommerce/core/Model.php(623): Database->fetchAll()
#3 /home/kameni-arthur/Desktop/My-framework/StandByMall/ecommerce/test_crud.php(117): Model->get()
#4 {main}

[2025-12-30 21:53:47] ERREUR BDD (Fetch All): SQLSTATE[42S22]: Column not found: 1054 Unknown column 'deleted_at' in 'WHERE'
SQL: SELECT * FROM `products` WHERE `deleted_at` IS NULL AND `is_active` = :where_0 AND `is_featured` = :where_1 ORDER BY `price` ASC
Params: {":where_0":1,":where_1":1}
Trace: #0 /home/kameni-arthur/Desktop/My-framework/StandByMall/ecommerce/core/Database.php(145): PDO->prepare()
#1 /home/kameni-arthur/Desktop/My-framework/StandByMall/ecommerce/core/Database.php(165): Database->query()
#2 /home/kameni-arthur/Desktop/My-framework/StandByMall/ecommerce/core/Model.php(623): Database->fetchAll()
#3 /home/kameni-arthur/Desktop/My-framework/StandByMall/ecommerce/test_crud.php(117): Model->get()
#4 {main}

[2025-12-30 21:53:47] ERREUR BDD (Query SQL): SQLSTATE[42S22]: Column not found: 1054 Unknown column 'deleted_at' in 'WHERE'
SQL: SELECT COUNT(*) as count FROM `products` WHERE `deleted_at` IS NULL AND `stock_quantity` > :where_0
Params: {":where_0":0}
Trace: #0 /home/kameni-arthur/Desktop/My-framework/StandByMall/ecommerce/core/Database.php(145): PDO->prepare()
#1 /home/kameni-arthur/Desktop/My-framework/StandByMall/ecommerce/core/Database.php(204): Database->query()
#2 /home/kameni-arthur/Desktop/My-framework/StandByMall/ecommerce/core/Model.php(639): Database->fetchColumn()
#3 /home/kameni-arthur/Desktop/My-framework/StandByMall/ecommerce/test_crud.php(122): Model->count()
#4 {main}

[2025-12-30 21:53:47] ERREUR BDD (Fetch Column): SQLSTATE[42S22]: Column not found: 1054 Unknown column 'deleted_at' in 'WHERE'
SQL: SELECT COUNT(*) as count FROM `products` WHERE `deleted_at` IS NULL AND `stock_quantity` > :where_0
Params: {":where_0":0}
Trace: #0 /home/kameni-arthur/Desktop/My-framework/StandByMall/ecommerce/core/Database.php(145): PDO->prepare()
#1 /home/kameni-arthur/Desktop/My-framework/StandByMall/ecommerce/core/Database.php(204): Database->query()
#2 /home/kameni-arthur/Desktop/My-framework/StandByMall/ecommerce/core/Model.php(639): Database->fetchColumn()
#3 /home/kameni-arthur/Desktop/My-framework/StandByMall/ecommerce/test_crud.php(122): Model->count()
#4 {main}

[2025-12-30 21:53:47] ERREUR BDD (Query SQL): SQLSTATE[42S22]: Column not found: 1054 Unknown column 'deleted_at' in 'WHERE'
SQL: SELECT COUNT(*) as count FROM `products` WHERE `deleted_at` IS NULL AND `stock_quantity` > :where_0
Params: {":where_0":0}
Trace: #0 /home/kameni-arthur/Desktop/My-framework/StandByMall/ecommerce/core/Database.php(145): PDO->prepare()
#1 /home/kameni-arthur/Desktop/My-framework/StandByMall/ecommerce/core/Database.php(204): Database->query()
#2 /home/kameni-arthur/Desktop/My-framework/StandByMall/ecommerce/core/Model.php(639): Database->fetchColumn()
#3 /home/kameni-arthur/Desktop/My-framework/StandByMall/ecommerce/core/Model.php(654): Model->count()
#4 /home/kameni-arthur/Desktop/My-framework/StandByMall/ecommerce/test_crud.php(129): Model->paginate()
#5 {main}

[2025-12-30 21:53:47] ERREUR BDD (Fetch Column): SQLSTATE[42S22]: Column not found: 1054 Unknown column 'deleted_at' in 'WHERE'
SQL: SELECT COUNT(*) as count FROM `products` WHERE `deleted_at` IS NULL AND `stock_quantity` > :where_0
Params: {":where_0":0}
Trace: #0 /home/kameni-arthur/Desktop/My-framework/StandByMall/ecommerce/core/Database.php(145): PDO->prepare()
#1 /home/kameni-arthur/Desktop/My-framework/StandByMall/ecommerce/core/Database.php(204): Database->query()
#2 /home/kameni-arthur/Desktop/My-framework/StandByMall/ecommerce/core/Model.php(639): Database->fetchColumn()
#3 /home/kameni-arthur/Desktop/My-framework/StandByMall/ecommerce/core/Model.php(654): Model->count()
#4 /home/kameni-arthur/Desktop/My-framework/StandByMall/ecommerce/test_crud.php(129): Model->paginate()
#5 {main}

[2025-12-30 21:53:47] ERREUR BDD (Query SQL): SQLSTATE[42S22]: Column not found: 1054 Unknown column 'deleted_at' in 'WHERE'
SQL: SELECT * FROM `products` WHERE `deleted_at` IS NULL AND `stock_quantity` > :where_0 LIMIT 2
Params: {":where_0":0}
Trace: #0 /home/kameni-arthur/Desktop/My-framework/StandByMall/ecommerce/core/Database.php(145): PDO->prepare()
#1 /home/kameni-arthur/Desktop/My-framework/StandByMall/ecommerce/core/Database.php(165): Database->query()
#2 /home/kameni-arthur/Desktop/My-framework/StandByMall/ecommerce/core/Model.php(623): Database->fetchAll()
#3 /home/kameni-arthur/Desktop/My-framework/StandByMall/ecommerce/core/Model.php(657): Model->get()
#4 /home/kameni-arthur/Desktop/My-framework/StandByMall/ecommerce/test_crud.php(129): Model->paginate()
#5 {main}

[2025-12-30 21:53:47] ERREUR BDD (Fetch All): SQLSTATE[42S22]: Column not found: 1054 Unknown column 'deleted_at' in 'WHERE'
SQL: SELECT * FROM `products` WHERE `deleted_at` IS NULL AND `stock_quantity` > :where_0 LIMIT 2
Params: {":where_0":0}
Trace: #0 /home/kameni-arthur/Desktop/My-framework/StandByMall/ecommerce/core/Database.php(145): PDO->prepare()
#1 /home/kameni-arthur/Desktop/My-framework/StandByMall/ecommerce/core/Database.php(165): Database->query()
#2 /home/kameni-arthur/Desktop/My-framework/StandByMall/ecommerce/core/Model.php(623): Database->fetchAll()
#3 /home/kameni-arthur/Desktop/My-framework/StandByMall/ecommerce/core/Model.php(657): Model->get()
#4 /home/kameni-arthur/Desktop/My-framework/StandByMall/ecommerce/test_crud.php(129): Model->paginate()
#5 {main}

